<?xml version="1.0" encoding="UTF-8"?>
<!-- Generated by org.testng.reporters.JUnitXMLReporter -->
<testsuite ignored="0" hostname="LAPTOP-HAB2I6H9" failures="2" tests="19" name="Test" time="912.009" errors="0" timestamp="2023-01-31T15:52:53 IST">
  <testcase classname="com.actitime.generic.BaseClass" name="@AfterMethod logout" time="10.837">
    <failure type="org.openqa.selenium.ElementClickInterceptedException" message="element click intercepted: Element &amp;lt;a href=&amp;quot;/logout.do&amp;quot; id=&amp;quot;logoutLink&amp;quot; class=&amp;quot;logout&amp;quot;&amp;gt;...&amp;lt;/a&amp;gt; is not clickable at point (1479, 17). Other element would receive the click: &amp;lt;div id=&amp;quot;preInsertedTransformedMoireId&amp;quot; class=&amp;quot;transformedMoireClass&amp;quot; style=&amp;quot;transition: opacity 600ms ease-in-out 0s; opacity: 0;&amp;quot;&amp;gt;&amp;lt;/div&amp;gt;
  (Session info: chrome=108.0.5359.95)
Build info: version: &amp;apos;3.141.59&amp;apos;, revision: &amp;apos;e82be7d358&amp;apos;, time: &amp;apos;2018-11-14T08:25:53&amp;apos;
System info: host: &amp;apos;LAPTOP-HAB2I6H9&amp;apos;, ip: &amp;apos;192.168.180.65&amp;apos;, os.name: &amp;apos;Windows 11&amp;apos;, os.arch: &amp;apos;amd64&amp;apos;, os.version: &amp;apos;10.0&amp;apos;, java.version: &amp;apos;18.0.2&amp;apos;
Driver info: org.openqa.selenium.chrome.ChromeDriver
Capabilities {acceptInsecureCerts: false, browserName: chrome, browserVersion: 108.0.5359.95, chrome: {chromedriverVersion: 107.0.5304.18 (fde5ebf4e16d..., userDataDir: C:\Users\test\AppData\Local...}, goog:chromeOptions: {debuggerAddress: localhost:52964}, javascriptEnabled: true, networkConnectionEnabled: false, pageLoadStrategy: normal, platform: WINDOWS, platformName: WINDOWS, proxy: Proxy(), setWindowRect: true, strictFileInteractability: false, timeouts: {implicit: 0, pageLoad: 300000, script: 30000}, unhandledPromptBehavior: dismiss and notify, webauthn:extension:credBlob: true, webauthn:extension:largeBlob: true, webauthn:virtualAuthenticators: true}
Session ID: 6d4a3dda11c4d5f0bf109b57a8c03253">
      <![CDATA[org.openqa.selenium.ElementClickInterceptedException: element click intercepted: Element <a href="/logout.do" id="logoutLink" class="logout">...</a> is not clickable at point (1479, 17). Other element would receive the click: <div id="preInsertedTransformedMoireId" class="transformedMoireClass" style="transition: opacity 600ms ease-in-out 0s; opacity: 0;"></div>
  (Session info: chrome=108.0.5359.95)
Build info: version: '3.141.59', revision: 'e82be7d358', time: '2018-11-14T08:25:53'
System info: host: 'LAPTOP-HAB2I6H9', ip: '192.168.180.65', os.name: 'Windows 11', os.arch: 'amd64', os.version: '10.0', java.version: '18.0.2'
Driver info: org.openqa.selenium.chrome.ChromeDriver
Capabilities {acceptInsecureCerts: false, browserName: chrome, browserVersion: 108.0.5359.95, chrome: {chromedriverVersion: 107.0.5304.18 (fde5ebf4e16d..., userDataDir: C:\Users\test\AppData\Local...}, goog:chromeOptions: {debuggerAddress: localhost:52964}, javascriptEnabled: true, networkConnectionEnabled: false, pageLoadStrategy: normal, platform: WINDOWS, platformName: WINDOWS, proxy: Proxy(), setWindowRect: true, strictFileInteractability: false, timeouts: {implicit: 0, pageLoad: 300000, script: 30000}, unhandledPromptBehavior: dismiss and notify, webauthn:extension:credBlob: true, webauthn:extension:largeBlob: true, webauthn:virtualAuthenticators: true}
Session ID: 6d4a3dda11c4d5f0bf109b57a8c03253
at org.openqa.selenium.remote.http.W3CHttpResponseCodec.createException(W3CHttpResponseCodec.java:187)
at org.openqa.selenium.remote.http.W3CHttpResponseCodec.decode(W3CHttpResponseCodec.java:122)
at org.openqa.selenium.remote.http.W3CHttpResponseCodec.decode(W3CHttpResponseCodec.java:49)
at org.openqa.selenium.remote.HttpCommandExecutor.execute(HttpCommandExecutor.java:158)
at org.openqa.selenium.remote.service.DriverCommandExecutor.execute(DriverCommandExecutor.java:83)
at org.openqa.selenium.remote.RemoteWebDriver.execute(RemoteWebDriver.java:552)
at org.openqa.selenium.remote.RemoteWebElement.execute(RemoteWebElement.java:285)
at org.openqa.selenium.remote.RemoteWebElement.click(RemoteWebElement.java:84)
at com.actitime.generic.BaseClass.logout(BaseClass.java:42)
at java.base/java.util.ArrayList.forEach(ArrayList.java:1511)
... Removed 33 stack frames]]>
    </failure>
  </testcase> <!-- @AfterMethod logout -->
  <testcase classname="com.actitime.testscript.ProjectModule" name="createProject" time="0.019"/>
  <testcase classname="com.actitime.testscript.ProjectModule" name="deleteProject" time="0.004"/>
  <testcase classname="com.actitime.testscript.ProjectModule" name="modifyProject" time="0.003"/>
  <testcase classname="com.actitime.testscript.DemoAssertionAll" name="verifyTitle" time="30.667">
    <failure type="java.lang.AssertionError" message="The following asserts failed:
	expected [Google] but found [Soogle]">
      <![CDATA[java.lang.AssertionError: The following asserts failed:
expected [Google] but found [Soogle]
at com.actitime.testscript.DemoAssertionAll.verifyTitle(DemoAssertionAll.java:21)
at java.base/java.util.ArrayList.forEach(ArrayList.java:1511)
... Removed 27 stack frames]]>
    </failure>
  </testcase> <!-- verifyTitle -->
  <testcase classname="com.actitime.testscript.DemoTestNG" name="testDemo" time="0.002"/>
  <testcase classname="com.actitime.testscript.CustomerModule2" name="deleteCustomer" time="0.001"/>
  <testcase classname="com.actitime.testscript.CustomerModule2" name="registerCustomer" time="0.001"/>
  <testcase classname="com.actitime.testscript.CustomerModule2" name="editCustomer" time="0.001"/>
  <testcase classname="com.actitime.testscript.CustomerModule2" name="editCustomer" time="0.001"/>
  <testcase classname="com.actitime.testscript.CustomerModule" name="createCustomer" time="0.001"/>
  <testcase classname="com.actitime.testscript.CustomerModule" name="deleteCustomer" time="0.001"/>
  <testcase classname="com.actitime.testscript.CustomerModule" name="modifyCustomer" time="0.002"/>
  <testcase classname="com.actitime.testscript.TaskModule" name="createTask" time="0.001"/>
  <testcase classname="com.actitime.testscript.TaskModule" name="deleteTask" time="0.001"/>
  <testcase classname="com.actitime.testscript.TaskModule" name="modifyTask" time="0.002"/>
  <testcase classname="com.actitime.testscript.CustomerModuleAmmot" name="createCustomer" time="0.002"/>
  <testcase classname="com.actitime.testscript.CustomerModuleAmmot" name="deleteCustomer" time="0.001"/>
  <testcase classname="com.actitime.testscript.DemoAssertion" name="verifyTitle" time="14.21">
    <failure type="java.lang.AssertionError" message="expected [Google] but found [Soogle]">
      <![CDATA[java.lang.AssertionError: expected [Google] but found [Soogle]
at com.actitime.testscript.DemoAssertion.verifyTitle(DemoAssertion.java:18)
at java.base/java.util.ArrayList.forEach(ArrayList.java:1511)
... Removed 31 stack frames]]>
    </failure>
  </testcase> <!-- verifyTitle -->
  <testcase classname="com.actitime.testscript.ProjectModuleBatch" name="createProject" time="0.0"/>
</testsuite> <!-- Test -->
