<html>
<head>
<title>TestNG:  Test</title>
<link href="../testng.css" rel="stylesheet" type="text/css" />
<link href="../my-testng.css" rel="stylesheet" type="text/css" />

<style type="text/css">
.log { display: none;} 
.stack-trace { display: none;} 
</style>
<script type="text/javascript">
<!--
function flip(e) {
  current = e.style.display;
  if (current == 'block') {
    e.style.display = 'none';
    return 0;
  }
  else {
    e.style.display = 'block';
    return 1;
  }
}

function toggleBox(szDivId, elem, msg1, msg2)
{
  var res = -1;  if (document.getElementById) {
    res = flip(document.getElementById(szDivId));
  }
  else if (document.all) {
    // this is the way old msie versions work
    res = flip(document.all[szDivId]);
  }
  if(elem) {
    if(res == 0) elem.innerHTML = msg1; else elem.innerHTML = msg2;
  }

}

function toggleAllBoxes() {
  if (document.getElementsByTagName) {
    d = document.getElementsByTagName('div');
    for (i = 0; i < d.length; i++) {
      if (d[i].className == 'log') {
        flip(d[i]);
      }
    }
  }
}

// -->
</script>

</head>
<body>
<h2 align='center'>Test</h2><table border='1' align="center">
<tr>
<td>Tests passed/Failed/Skipped:</td><td>17/2/0</td>
</tr><tr>
<td>Started on:</td><td>Tue Jan 31 15:37:41 IST 2023</td>
</tr>
<tr><td>Total time:</td><td>912 seconds (912009 ms)</td>
</tr><tr>
<td>Included groups:</td><td></td>
</tr><tr>
<td>Excluded groups:</td><td></td>
</tr>
</table><p/>
<small><i>(Hover the method name to see the test class name)</i></small><p/>
<table width='100%' border='1' class='invocation-failed'>
<tr><td colspan='4' align='center'><b>FAILED CONFIGURATIONS</b></td></tr>
<tr><td><b>Test method</b></td>
<td width="30%"><b>Exception</b></td>
<td width="10%"><b>Time (seconds)</b></td>
<td><b>Instance</b></td>
</tr>
<tr>
<td title='com.actitime.testscript.ProjectModuleBatch.logout()'><b>logout</b><br>Test class: com.actitime.testscript.ProjectModuleBatch<br/>
<a href="#Output-1525114112" onClick='toggleBox("Output-1525114112", this, "Show output", "Hide output");'>Show output</a>

<a href="#Output-1525114112" onClick="toggleAllBoxes();">Show all outputs</a>
<div class='log' id="Output-1525114112">
logout<br/>
</div>
</td>
<td><div><pre>org.openqa.selenium.ElementClickInterceptedException: element click intercepted: Element &lt;a href=&quot;/logout.do&quot; id=&quot;logoutLink&quot; class=&quot;logout&quot;&gt;...&lt;/a&gt; is not clickable at point (1479, 17). Other element would receive the click: &lt;div id=&quot;preInsertedTransformedMoireId&quot; class=&quot;transformedMoireClass&quot; style=&quot;transition: opacity 600ms ease-in-out 0s; opacity: 0;&quot;&gt;&lt;/div&gt;
  (Session info: chrome=108.0.5359.95)
Build info: version: &apos;3.141.59&apos;, revision: &apos;e82be7d358&apos;, time: &apos;2018-11-14T08:25:53&apos;
System info: host: &apos;LAPTOP-HAB2I6H9&apos;, ip: &apos;192.168.180.65&apos;, os.name: &apos;Windows 11&apos;, os.arch: &apos;amd64&apos;, os.version: &apos;10.0&apos;, java.version: &apos;18.0.2&apos;
Driver info: org.openqa.selenium.chrome.ChromeDriver
Capabilities {acceptInsecureCerts: false, browserName: chrome, browserVersion: 108.0.5359.95, chrome: {chromedriverVersion: 107.0.5304.18 (fde5ebf4e16d..., userDataDir: C:\Users\test\AppData\Local...}, goog:chromeOptions: {debuggerAddress: localhost:52964}, javascriptEnabled: true, networkConnectionEnabled: false, pageLoadStrategy: normal, platform: WINDOWS, platformName: WINDOWS, proxy: Proxy(), setWindowRect: true, strictFileInteractability: false, timeouts: {implicit: 0, pageLoad: 300000, script: 30000}, unhandledPromptBehavior: dismiss and notify, webauthn:extension:credBlob: true, webauthn:extension:largeBlob: true, webauthn:virtualAuthenticators: true}
Session ID: 6d4a3dda11c4d5f0bf109b57a8c03253
	at org.openqa.selenium.remote.http.W3CHttpResponseCodec.createException(W3CHttpResponseCodec.java:187)
	at org.openqa.selenium.remote.http.W3CHttpResponseCodec.decode(W3CHttpResponseCodec.java:122)
	at org.openqa.selenium.remote.http.W3CHttpResponseCodec.decode(W3CHttpResponseCodec.java:49)
	at org.openqa.selenium.remote.HttpCommandExecutor.execute(HttpCommandExecutor.java:158)
	at org.openqa.selenium.remote.service.DriverCommandExecutor.execute(DriverCommandExecutor.java:83)
	at org.openqa.selenium.remote.RemoteWebDriver.execute(RemoteWebDriver.java:552)
	at org.openqa.selenium.remote.RemoteWebElement.execute(RemoteWebElement.java:285)
	at org.openqa.selenium.remote.RemoteWebElement.click(RemoteWebElement.java:84)
	at com.actitime.generic.BaseClass.logout(BaseClass.java:42)
	at java.base/java.util.ArrayList.forEach(ArrayList.java:1511)
... Removed 33 stack frames</pre></div><a href='#' onClick='toggleBox("stack-trace1525114112", this, "Click to show all stack frames", "Click to hide stack frames")'>Click to show all stack frames</a>
<div class='stack-trace' id='stack-trace1525114112'><pre>org.openqa.selenium.ElementClickInterceptedException: element click intercepted: Element &lt;a href=&quot;/logout.do&quot; id=&quot;logoutLink&quot; class=&quot;logout&quot;&gt;...&lt;/a&gt; is not clickable at point (1479, 17). Other element would receive the click: &lt;div id=&quot;preInsertedTransformedMoireId&quot; class=&quot;transformedMoireClass&quot; style=&quot;transition: opacity 600ms ease-in-out 0s; opacity: 0;&quot;&gt;&lt;/div&gt;
  (Session info: chrome=108.0.5359.95)
Build info: version: &apos;3.141.59&apos;, revision: &apos;e82be7d358&apos;, time: &apos;2018-11-14T08:25:53&apos;
System info: host: &apos;LAPTOP-HAB2I6H9&apos;, ip: &apos;192.168.180.65&apos;, os.name: &apos;Windows 11&apos;, os.arch: &apos;amd64&apos;, os.version: &apos;10.0&apos;, java.version: &apos;18.0.2&apos;
Driver info: org.openqa.selenium.chrome.ChromeDriver
Capabilities {acceptInsecureCerts: false, browserName: chrome, browserVersion: 108.0.5359.95, chrome: {chromedriverVersion: 107.0.5304.18 (fde5ebf4e16d..., userDataDir: C:\Users\test\AppData\Local...}, goog:chromeOptions: {debuggerAddress: localhost:52964}, javascriptEnabled: true, networkConnectionEnabled: false, pageLoadStrategy: normal, platform: WINDOWS, platformName: WINDOWS, proxy: Proxy(), setWindowRect: true, strictFileInteractability: false, timeouts: {implicit: 0, pageLoad: 300000, script: 30000}, unhandledPromptBehavior: dismiss and notify, webauthn:extension:credBlob: true, webauthn:extension:largeBlob: true, webauthn:virtualAuthenticators: true}
Session ID: 6d4a3dda11c4d5f0bf109b57a8c03253
	at java.base/jdk.internal.reflect.DirectConstructorHandleAccessor.newInstance(DirectConstructorHandleAccessor.java:67)
	at java.base/java.lang.reflect.Constructor.newInstanceWithCaller(Constructor.java:499)
	at java.base/java.lang.reflect.Constructor.newInstance(Constructor.java:483)
	at org.openqa.selenium.remote.http.W3CHttpResponseCodec.createException(W3CHttpResponseCodec.java:187)
	at org.openqa.selenium.remote.http.W3CHttpResponseCodec.decode(W3CHttpResponseCodec.java:122)
	at org.openqa.selenium.remote.http.W3CHttpResponseCodec.decode(W3CHttpResponseCodec.java:49)
	at org.openqa.selenium.remote.HttpCommandExecutor.execute(HttpCommandExecutor.java:158)
	at org.openqa.selenium.remote.service.DriverCommandExecutor.execute(DriverCommandExecutor.java:83)
	at org.openqa.selenium.remote.RemoteWebDriver.execute(RemoteWebDriver.java:552)
	at org.openqa.selenium.remote.RemoteWebElement.execute(RemoteWebElement.java:285)
	at org.openqa.selenium.remote.RemoteWebElement.click(RemoteWebElement.java:84)
	at com.actitime.generic.BaseClass.logout(BaseClass.java:42)
	at java.base/jdk.internal.reflect.DirectMethodHandleAccessor.invoke(DirectMethodHandleAccessor.java:104)
	at java.base/java.lang.reflect.Method.invoke(Method.java:577)
	at org.testng.internal.MethodInvocationHelper.invokeMethod(MethodInvocationHelper.java:133)
	at org.testng.internal.MethodInvocationHelper.invokeMethodConsideringTimeout(MethodInvocationHelper.java:62)
	at org.testng.internal.ConfigInvoker.invokeConfigurationMethod(ConfigInvoker.java:385)
	at org.testng.internal.ConfigInvoker.invokeConfigurations(ConfigInvoker.java:321)
	at org.testng.internal.TestInvoker.runConfigMethods(TestInvoker.java:700)
	at org.testng.internal.TestInvoker.runAfterGroupsConfigurations(TestInvoker.java:676)
	at org.testng.internal.TestInvoker.invokeMethod(TestInvoker.java:660)
	at org.testng.internal.TestInvoker.invokeTestMethod(TestInvoker.java:173)
	at org.testng.internal.MethodRunner.runInSequence(MethodRunner.java:46)
	at org.testng.internal.TestInvoker$MethodInvocationAgent.invoke(TestInvoker.java:824)
	at org.testng.internal.TestInvoker.invokeTestMethods(TestInvoker.java:146)
	at org.testng.internal.TestMethodWorker.invokeTestMethods(TestMethodWorker.java:146)
	at org.testng.internal.TestMethodWorker.run(TestMethodWorker.java:128)
	at java.base/java.util.ArrayList.forEach(ArrayList.java:1511)
	at org.testng.TestRunner.privateRun(TestRunner.java:794)
	at org.testng.TestRunner.run(TestRunner.java:596)
	at org.testng.SuiteRunner.runTest(SuiteRunner.java:377)
	at org.testng.SuiteRunner.runSequentially(SuiteRunner.java:371)
	at org.testng.SuiteRunner.privateRun(SuiteRunner.java:332)
	at org.testng.SuiteRunner.run(SuiteRunner.java:276)
	at org.testng.SuiteRunnerWorker.runSuite(SuiteRunnerWorker.java:53)
	at org.testng.SuiteRunnerWorker.run(SuiteRunnerWorker.java:96)
	at org.testng.TestNG.runSuitesSequentially(TestNG.java:1212)
	at org.testng.TestNG.runSuitesLocally(TestNG.java:1134)
	at org.testng.TestNG.runSuites(TestNG.java:1063)
	at org.testng.TestNG.run(TestNG.java:1031)
	at org.testng.remote.AbstractRemoteTestNG.run(AbstractRemoteTestNG.java:115)
	at org.testng.remote.RemoteTestNG.initAndRun(RemoteTestNG.java:251)
	at org.testng.remote.RemoteTestNG.main(RemoteTestNG.java:77)
</pre></div></td>
<td>10</td>
<td>com.actitime.testscript.ProjectModuleBatch@6973b51b</td></tr>
</table><p>
<table width='100%' border='1' class='invocation-failed'>
<tr><td colspan='4' align='center'><b>FAILED TESTS</b></td></tr>
<tr><td><b>Test method</b></td>
<td width="30%"><b>Exception</b></td>
<td width="10%"><b>Time (seconds)</b></td>
<td><b>Instance</b></td>
</tr>
<tr>
<td title='com.actitime.testscript.DemoAssertionAll.verifyTitle()'><b>verifyTitle</b><br>Test class: com.actitime.testscript.DemoAssertionAll</td>
<td><div><pre>java.lang.AssertionError: The following asserts failed:
	expected [Google] but found [Soogle]
	at com.actitime.testscript.DemoAssertionAll.verifyTitle(DemoAssertionAll.java:21)
	at java.base/java.util.ArrayList.forEach(ArrayList.java:1511)
... Removed 27 stack frames</pre></div><a href='#' onClick='toggleBox("stack-trace708153797", this, "Click to show all stack frames", "Click to hide stack frames")'>Click to show all stack frames</a>
<div class='stack-trace' id='stack-trace708153797'><pre>java.lang.AssertionError: The following asserts failed:
	expected [Google] but found [Soogle]
	at org.testng.asserts.SoftAssert.assertAll(SoftAssert.java:47)
	at org.testng.asserts.SoftAssert.assertAll(SoftAssert.java:31)
	at com.actitime.testscript.DemoAssertionAll.verifyTitle(DemoAssertionAll.java:21)
	at java.base/jdk.internal.reflect.DirectMethodHandleAccessor.invoke(DirectMethodHandleAccessor.java:104)
	at java.base/java.lang.reflect.Method.invoke(Method.java:577)
	at org.testng.internal.MethodInvocationHelper.invokeMethod(MethodInvocationHelper.java:133)
	at org.testng.internal.TestInvoker.invokeMethod(TestInvoker.java:598)
	at org.testng.internal.TestInvoker.invokeTestMethod(TestInvoker.java:173)
	at org.testng.internal.MethodRunner.runInSequence(MethodRunner.java:46)
	at org.testng.internal.TestInvoker$MethodInvocationAgent.invoke(TestInvoker.java:824)
	at org.testng.internal.TestInvoker.invokeTestMethods(TestInvoker.java:146)
	at org.testng.internal.TestMethodWorker.invokeTestMethods(TestMethodWorker.java:146)
	at org.testng.internal.TestMethodWorker.run(TestMethodWorker.java:128)
	at java.base/java.util.ArrayList.forEach(ArrayList.java:1511)
	at org.testng.TestRunner.privateRun(TestRunner.java:794)
	at org.testng.TestRunner.run(TestRunner.java:596)
	at org.testng.SuiteRunner.runTest(SuiteRunner.java:377)
	at org.testng.SuiteRunner.runSequentially(SuiteRunner.java:371)
	at org.testng.SuiteRunner.privateRun(SuiteRunner.java:332)
	at org.testng.SuiteRunner.run(SuiteRunner.java:276)
	at org.testng.SuiteRunnerWorker.runSuite(SuiteRunnerWorker.java:53)
	at org.testng.SuiteRunnerWorker.run(SuiteRunnerWorker.java:96)
	at org.testng.TestNG.runSuitesSequentially(TestNG.java:1212)
	at org.testng.TestNG.runSuitesLocally(TestNG.java:1134)
	at org.testng.TestNG.runSuites(TestNG.java:1063)
	at org.testng.TestNG.run(TestNG.java:1031)
	at org.testng.remote.AbstractRemoteTestNG.run(AbstractRemoteTestNG.java:115)
	at org.testng.remote.RemoteTestNG.initAndRun(RemoteTestNG.java:251)
	at org.testng.remote.RemoteTestNG.main(RemoteTestNG.java:77)
</pre></div></td>
<td>30</td>
<td>com.actitime.testscript.DemoAssertionAll@41e36e46</td></tr>
<tr>
<td title='com.actitime.testscript.DemoAssertion.verifyTitle()'><b>verifyTitle</b><br>Test class: com.actitime.testscript.DemoAssertion</td>
<td><div><pre>java.lang.AssertionError: expected [Google] but found [Soogle]
	at com.actitime.testscript.DemoAssertion.verifyTitle(DemoAssertion.java:18)
	at java.base/java.util.ArrayList.forEach(ArrayList.java:1511)
... Removed 31 stack frames</pre></div><a href='#' onClick='toggleBox("stack-trace2080643905", this, "Click to show all stack frames", "Click to hide stack frames")'>Click to show all stack frames</a>
<div class='stack-trace' id='stack-trace2080643905'><pre>java.lang.AssertionError: expected [Google] but found [Soogle]
	at org.testng.Assert.fail(Assert.java:99)
	at org.testng.Assert.failNotEquals(Assert.java:1037)
	at org.testng.Assert.assertEqualsImpl(Assert.java:140)
	at org.testng.Assert.assertEquals(Assert.java:122)
	at org.testng.Assert.assertEquals(Assert.java:629)
	at org.testng.Assert.assertEquals(Assert.java:639)
	at com.actitime.testscript.DemoAssertion.verifyTitle(DemoAssertion.java:18)
	at java.base/jdk.internal.reflect.DirectMethodHandleAccessor.invoke(DirectMethodHandleAccessor.java:104)
	at java.base/java.lang.reflect.Method.invoke(Method.java:577)
	at org.testng.internal.MethodInvocationHelper.invokeMethod(MethodInvocationHelper.java:133)
	at org.testng.internal.TestInvoker.invokeMethod(TestInvoker.java:598)
	at org.testng.internal.TestInvoker.invokeTestMethod(TestInvoker.java:173)
	at org.testng.internal.MethodRunner.runInSequence(MethodRunner.java:46)
	at org.testng.internal.TestInvoker$MethodInvocationAgent.invoke(TestInvoker.java:824)
	at org.testng.internal.TestInvoker.invokeTestMethods(TestInvoker.java:146)
	at org.testng.internal.TestMethodWorker.invokeTestMethods(TestMethodWorker.java:146)
	at org.testng.internal.TestMethodWorker.run(TestMethodWorker.java:128)
	at java.base/java.util.ArrayList.forEach(ArrayList.java:1511)
	at org.testng.TestRunner.privateRun(TestRunner.java:794)
	at org.testng.TestRunner.run(TestRunner.java:596)
	at org.testng.SuiteRunner.runTest(SuiteRunner.java:377)
	at org.testng.SuiteRunner.runSequentially(SuiteRunner.java:371)
	at org.testng.SuiteRunner.privateRun(SuiteRunner.java:332)
	at org.testng.SuiteRunner.run(SuiteRunner.java:276)
	at org.testng.SuiteRunnerWorker.runSuite(SuiteRunnerWorker.java:53)
	at org.testng.SuiteRunnerWorker.run(SuiteRunnerWorker.java:96)
	at org.testng.TestNG.runSuitesSequentially(TestNG.java:1212)
	at org.testng.TestNG.runSuitesLocally(TestNG.java:1134)
	at org.testng.TestNG.runSuites(TestNG.java:1063)
	at org.testng.TestNG.run(TestNG.java:1031)
	at org.testng.remote.AbstractRemoteTestNG.run(AbstractRemoteTestNG.java:115)
	at org.testng.remote.RemoteTestNG.initAndRun(RemoteTestNG.java:251)
	at org.testng.remote.RemoteTestNG.main(RemoteTestNG.java:77)
</pre></div></td>
<td>14</td>
<td>com.actitime.testscript.DemoAssertion@1afd44cb</td></tr>
</table><p>
<table width='100%' border='1' class='invocation-passed'>
<tr><td colspan='4' align='center'><b>PASSED TESTS</b></td></tr>
<tr><td><b>Test method</b></td>
<td width="30%"><b>Exception</b></td>
<td width="10%"><b>Time (seconds)</b></td>
<td><b>Instance</b></td>
</tr>
<tr>
<td title='com.actitime.testscript.TaskModule.modifyTask()'><b>modifyTask</b><br>Test class: com.actitime.testscript.TaskModule<br/>
<a href="#Output-1532554556" onClick='toggleBox("Output-1532554556", this, "Show output", "Hide output");'>Show output</a>

<a href="#Output-1532554556" onClick="toggleAllBoxes();">Show all outputs</a>
<div class='log' id="Output-1532554556">
modifyTask<br/>
</div>
</td>
<td></td>
<td>0</td>
<td>com.actitime.testscript.TaskModule@192d43ce</td></tr>
<tr>
<td title='com.actitime.testscript.ProjectModule.deleteProject()'><b>deleteProject</b><br>Test class: com.actitime.testscript.ProjectModule<br/>
<a href="#Output-1628551735" onClick='toggleBox("Output-1628551735", this, "Show output", "Hide output");'>Show output</a>

<a href="#Output-1628551735" onClick="toggleAllBoxes();">Show all outputs</a>
<div class='log' id="Output-1628551735">
deleteProject<br/>
</div>
</td>
<td></td>
<td>0</td>
<td>com.actitime.testscript.ProjectModule@50a638b5</td></tr>
<tr>
<td title='com.actitime.testscript.DemoTestNG.testDemo()'><b>testDemo</b><br>Test class: com.actitime.testscript.DemoTestNG<br/>
<a href="#Output-54960993" onClick='toggleBox("Output-54960993", this, "Show output", "Hide output");'>Show output</a>

<a href="#Output-54960993" onClick="toggleAllBoxes();">Show all outputs</a>
<div class='log' id="Output-54960993">
Welcome to TestNG<br/>
</div>
</td>
<td></td>
<td>0</td>
<td>com.actitime.testscript.DemoTestNG@15c43bd9</td></tr>
<tr>
<td title='com.actitime.testscript.CustomerModuleAmmot.createCustomer()'><b>createCustomer</b><br>Test class: com.actitime.testscript.CustomerModuleAmmot<br/>
<a href="#Output-1690233783" onClick='toggleBox("Output-1690233783", this, "Show output", "Hide output");'>Show output</a>

<a href="#Output-1690233783" onClick="toggleAllBoxes();">Show all outputs</a>
<div class='log' id="Output-1690233783">
createCustomer<br/>
</div>
</td>
<td></td>
<td>0</td>
<td>com.actitime.testscript.CustomerModuleAmmot@72057ecf</td></tr>
<tr>
<td title='com.actitime.testscript.ProjectModule.createProject()'><b>createProject</b><br>Test class: com.actitime.testscript.ProjectModule<br/>
<a href="#Output-1819038759" onClick='toggleBox("Output-1819038759", this, "Show output", "Hide output");'>Show output</a>

<a href="#Output-1819038759" onClick="toggleAllBoxes();">Show all outputs</a>
<div class='log' id="Output-1819038759">
createProject<br/>
</div>
</td>
<td></td>
<td>0</td>
<td>com.actitime.testscript.ProjectModule@50a638b5</td></tr>
<tr>
<td title='com.actitime.testscript.CustomerModule.modifyCustomer()'><b>modifyCustomer</b><br>Test class: com.actitime.testscript.CustomerModule<br/>
<a href="#Output-1170111701" onClick='toggleBox("Output-1170111701", this, "Show output", "Hide output");'>Show output</a>

<a href="#Output-1170111701" onClick="toggleAllBoxes();">Show all outputs</a>
<div class='log' id="Output-1170111701">
modifyCustomer<br/>
</div>
</td>
<td></td>
<td>0</td>
<td>com.actitime.testscript.CustomerModule@5f058f00</td></tr>
<tr>
<td title='com.actitime.testscript.CustomerModuleAmmot.deleteCustomer()'><b>deleteCustomer</b><br>Test class: com.actitime.testscript.CustomerModuleAmmot<br/>
<a href="#Output-553672556" onClick='toggleBox("Output-553672556", this, "Show output", "Hide output");'>Show output</a>

<a href="#Output-553672556" onClick="toggleAllBoxes();">Show all outputs</a>
<div class='log' id="Output-553672556">
deleteCustomer<br/>
</div>
</td>
<td></td>
<td>0</td>
<td>com.actitime.testscript.CustomerModuleAmmot@72057ecf</td></tr>
<tr>
<td title='com.actitime.testscript.CustomerModule.createCustomer()'><b>createCustomer</b><br>Test class: com.actitime.testscript.CustomerModule<br/>
<a href="#Output-1667534569" onClick='toggleBox("Output-1667534569", this, "Show output", "Hide output");'>Show output</a>

<a href="#Output-1667534569" onClick="toggleAllBoxes();">Show all outputs</a>
<div class='log' id="Output-1667534569">
createCustomer<br/>
</div>
</td>
<td></td>
<td>0</td>
<td>com.actitime.testscript.CustomerModule@5f058f00</td></tr>
<tr>
<td title='com.actitime.testscript.TaskModule.deleteTask()'><b>deleteTask</b><br>Test class: com.actitime.testscript.TaskModule<br/>
<a href="#Output-1832283291" onClick='toggleBox("Output-1832283291", this, "Show output", "Hide output");'>Show output</a>

<a href="#Output-1832283291" onClick="toggleAllBoxes();">Show all outputs</a>
<div class='log' id="Output-1832283291">
deleteTask<br/>
</div>
</td>
<td></td>
<td>0</td>
<td>com.actitime.testscript.TaskModule@192d43ce</td></tr>
<tr>
<td title='com.actitime.testscript.ProjectModuleBatch.createProject()'><b>createProject</b><br>Test class: com.actitime.testscript.ProjectModuleBatch<br/>
<a href="#Output-802255644" onClick='toggleBox("Output-802255644", this, "Show output", "Hide output");'>Show output</a>

<a href="#Output-802255644" onClick="toggleAllBoxes();">Show all outputs</a>
<div class='log' id="Output-802255644">
createProject<br/>
</div>
</td>
<td></td>
<td>0</td>
<td>com.actitime.testscript.ProjectModuleBatch@6973b51b</td></tr>
<tr>
<td title='com.actitime.testscript.TaskModule.createTask()'><b>createTask</b><br>Test class: com.actitime.testscript.TaskModule<br/>
<a href="#Output-830863979" onClick='toggleBox("Output-830863979", this, "Show output", "Hide output");'>Show output</a>

<a href="#Output-830863979" onClick="toggleAllBoxes();">Show all outputs</a>
<div class='log' id="Output-830863979">
createTask<br/>
</div>
</td>
<td></td>
<td>0</td>
<td>com.actitime.testscript.TaskModule@192d43ce</td></tr>
<tr>
<td title='com.actitime.testscript.ProjectModule.modifyProject()'><b>modifyProject</b><br>Test class: com.actitime.testscript.ProjectModule<br/>
<a href="#Output-2078641942" onClick='toggleBox("Output-2078641942", this, "Show output", "Hide output");'>Show output</a>

<a href="#Output-2078641942" onClick="toggleAllBoxes();">Show all outputs</a>
<div class='log' id="Output-2078641942">
modifyProject<br/>
</div>
</td>
<td></td>
<td>0</td>
<td>com.actitime.testscript.ProjectModule@50a638b5</td></tr>
<tr>
<td title='com.actitime.testscript.CustomerModule2.editCustomer()'><b>editCustomer</b><br>Test class: com.actitime.testscript.CustomerModule2<br/>
<a href="#Output-1056862342" onClick='toggleBox("Output-1056862342", this, "Show output", "Hide output");'>Show output</a>

<a href="#Output-1056862342" onClick="toggleAllBoxes();">Show all outputs</a>
<div class='log' id="Output-1056862342">
editCustomer<br/>
</div>
</td>
<td></td>
<td>0</td>
<td>com.actitime.testscript.CustomerModule2@55b7a4e0</td></tr>
<tr>
<td title='com.actitime.testscript.CustomerModule.deleteCustomer()'><b>deleteCustomer</b><br>Test class: com.actitime.testscript.CustomerModule<br/>
<a href="#Output-1758893871" onClick='toggleBox("Output-1758893871", this, "Show output", "Hide output");'>Show output</a>

<a href="#Output-1758893871" onClick="toggleAllBoxes();">Show all outputs</a>
<div class='log' id="Output-1758893871">
deleteCustomer<br/>
</div>
</td>
<td></td>
<td>0</td>
<td>com.actitime.testscript.CustomerModule@5f058f00</td></tr>
<tr>
<td title='com.actitime.testscript.CustomerModule2.registerCustomer()'><b>registerCustomer</b><br>Test class: com.actitime.testscript.CustomerModule2<br/>
<a href="#Output-181078353" onClick='toggleBox("Output-181078353", this, "Show output", "Hide output");'>Show output</a>

<a href="#Output-181078353" onClick="toggleAllBoxes();">Show all outputs</a>
<div class='log' id="Output-181078353">
registerCustomer<br/>
</div>
</td>
<td></td>
<td>0</td>
<td>com.actitime.testscript.CustomerModule2@55b7a4e0</td></tr>
<tr>
<td title='com.actitime.testscript.CustomerModule2.editCustomer()'><b>editCustomer</b><br>Test class: com.actitime.testscript.CustomerModule2<br/>
<a href="#Output-2054451662" onClick='toggleBox("Output-2054451662", this, "Show output", "Hide output");'>Show output</a>

<a href="#Output-2054451662" onClick="toggleAllBoxes();">Show all outputs</a>
<div class='log' id="Output-2054451662">
editCustomer<br/>
</div>
</td>
<td></td>
<td>0</td>
<td>com.actitime.testscript.CustomerModule2@55b7a4e0</td></tr>
<tr>
<td title='com.actitime.testscript.CustomerModule2.deleteCustomer()'><b>deleteCustomer</b><br>Test class: com.actitime.testscript.CustomerModule2<br/>
<a href="#Output-1079125839" onClick='toggleBox("Output-1079125839", this, "Show output", "Hide output");'>Show output</a>

<a href="#Output-1079125839" onClick="toggleAllBoxes();">Show all outputs</a>
<div class='log' id="Output-1079125839">
deleteCustomer<br/>
</div>
</td>
<td></td>
<td>0</td>
<td>com.actitime.testscript.CustomerModule2@55b7a4e0</td></tr>
</table><p>
</body>
</html>